2015-11-18 00:13:20,780 0    [http-nio-8080-exec-2] INFO  src.lists.SortByer  - SortByer: Created 'SortByer' instance
2015-11-18 00:13:20,783 3    [http-nio-8080-exec-2] INFO  src.lists.Lists  - Lists: Created 'Lists' instance
2015-11-18 00:13:20,784 4    [http-nio-8080-exec-2] INFO  src.servlets.DisplayLists  - DisplayLists: sortParam was set to: alphabetical
2015-11-18 00:13:21,077 297  [http-nio-8080-exec-2] INFO  src.lists.Lists  - Lists: lists.sortListsByAlphabetical: Sorted By: alphabetical
2015-11-18 00:13:21,081 301  [http-nio-8080-exec-2] INFO  src.lists.Lists  - Lists: lists.sortListsByAlphabetical: statement.executeQuery(IDQueryString) completed successfully
2015-11-18 00:13:21,082 302  [http-nio-8080-exec-2] INFO  src.lists.Entry  - Entry: Created 'Entry' instance
2015-11-18 00:13:21,083 303  [http-nio-8080-exec-2] INFO  src.lists.Entry  - Entry: Created 'Entry' instance
2015-11-18 00:13:21,084 304  [http-nio-8080-exec-2] INFO  src.lists.Entry  - Entry: Created 'Entry' instance
2015-11-18 00:13:21,084 304  [http-nio-8080-exec-2] INFO  src.lists.Entry  - Entry: Created 'Entry' instance
2015-11-18 00:13:21,084 304  [http-nio-8080-exec-2] INFO  src.lists.Entry  - Entry: Created 'Entry' instance
2015-11-18 00:13:21,084 304  [http-nio-8080-exec-2] INFO  src.lists.Entry  - Entry: Created 'Entry' instance
2015-11-18 00:13:21,085 305  [http-nio-8080-exec-2] INFO  src.lists.Entry  - Entry: Created 'Entry' instance
2015-11-18 00:13:21,085 305  [http-nio-8080-exec-2] INFO  src.lists.Entry  - Entry: Created 'Entry' instance
2015-11-18 00:13:21,085 305  [http-nio-8080-exec-2] INFO  src.lists.Entry  - Entry: Created 'Entry' instance
2015-11-18 00:13:21,085 305  [http-nio-8080-exec-2] INFO  src.lists.Lists  - Lists: lists.sortListsByAlphabetical: resultSet.next() completed successfully
2015-11-18 00:13:21,087 307  [http-nio-8080-exec-2] INFO  src.lists.Lists  - Lists: lists.sortListsByAlphabetical: connection.close() completed successfully
2015-11-18 00:13:21,087 307  [http-nio-8080-exec-2] INFO  src.servlets.DisplayLists  - DisplayLists: sortByer.getSortedResults() was set as 'entries' attribute
2015-11-18 00:13:21,404 624  [http-nio-8080-exec-2] INFO  src.servlets.DisplayLists  - DisplayLists: dispatcher.forward() to url '/lists.jsp' completed successfully
2015-11-18 00:13:36,915 16135 [http-nio-8080-exec-4] INFO  src.lists.SortByer  - SortByer: Created 'SortByer' instance
2015-11-18 00:13:36,916 16136 [http-nio-8080-exec-4] INFO  src.lists.Lists  - Lists: Created 'Lists' instance
2015-11-18 00:13:36,917 16137 [http-nio-8080-exec-4] INFO  src.servlets.DisplayLists  - DisplayLists: sortParam was set to: voteCount
2015-11-18 00:13:36,927 16147 [http-nio-8080-exec-4] INFO  src.lists.Lists  - Lists: lists.sortListsByVoteCount: Sorted By: voteCount
2015-11-18 00:13:36,927 16147 [http-nio-8080-exec-4] INFO  src.lists.Lists  - Lists: lists.sortListsByVoteCount: statement.executeQuery(IDQueryString) completed successfully
2015-11-18 00:13:36,928 16148 [http-nio-8080-exec-4] INFO  src.lists.Entry  - Entry: Created 'Entry' instance
2015-11-18 00:13:36,928 16148 [http-nio-8080-exec-4] INFO  src.lists.Entry  - Entry: Created 'Entry' instance
2015-11-18 00:13:36,928 16148 [http-nio-8080-exec-4] INFO  src.lists.Entry  - Entry: Created 'Entry' instance
2015-11-18 00:13:36,928 16148 [http-nio-8080-exec-4] INFO  src.lists.Entry  - Entry: Created 'Entry' instance
2015-11-18 00:13:36,928 16148 [http-nio-8080-exec-4] INFO  src.lists.Entry  - Entry: Created 'Entry' instance
2015-11-18 00:13:36,929 16149 [http-nio-8080-exec-4] INFO  src.lists.Entry  - Entry: Created 'Entry' instance
2015-11-18 00:13:36,929 16149 [http-nio-8080-exec-4] INFO  src.lists.Entry  - Entry: Created 'Entry' instance
2015-11-18 00:13:36,929 16149 [http-nio-8080-exec-4] INFO  src.lists.Entry  - Entry: Created 'Entry' instance
2015-11-18 00:13:36,929 16149 [http-nio-8080-exec-4] INFO  src.lists.Entry  - Entry: Created 'Entry' instance
2015-11-18 00:13:36,929 16149 [http-nio-8080-exec-4] INFO  src.lists.Lists  - Lists: lists.sortListsByVoteCount: resultSet.next() completed successfully
2015-11-18 00:13:36,929 16149 [http-nio-8080-exec-4] INFO  src.lists.Lists  - Lists: lists.sortListsByVoteCount: connection.close() completed successfully
2015-11-18 00:13:36,930 16150 [http-nio-8080-exec-4] INFO  src.servlets.DisplayLists  - DisplayLists: sortByer.getSortedResults() was set as 'entries' attribute
2015-11-18 00:13:36,936 16156 [http-nio-8080-exec-4] INFO  src.servlets.DisplayLists  - DisplayLists: dispatcher.forward() to url '/lists.jsp' completed successfully
