2015-11-18 00:16:51,654 0    [http-nio-8080-exec-4] INFO  src.lists.SortByer  - SortByer: Created 'SortByer' instance
2015-11-18 00:16:51,659 5    [http-nio-8080-exec-4] INFO  src.lists.Lists  - Lists: Created 'Lists' instance
2015-11-18 00:16:51,660 6    [http-nio-8080-exec-4] INFO  src.servlets.DisplayLists  - DisplayLists: sortParam was set to: alphabetical
2015-11-18 00:16:52,131 477  [http-nio-8080-exec-4] INFO  src.lists.Lists  - Lists: lists.sortListsByAlphabetical: Sorted By: alphabetical
2015-11-18 00:16:52,135 481  [http-nio-8080-exec-4] INFO  src.lists.Lists  - Lists: lists.sortListsByAlphabetical: statement.executeQuery(IDQueryString) completed successfully
2015-11-18 00:16:52,137 483  [http-nio-8080-exec-4] INFO  src.lists.Entry  - Entry: Created 'Entry' instance
2015-11-18 00:16:52,137 483  [http-nio-8080-exec-4] INFO  src.lists.Entry  - Entry: Created 'Entry' instance
2015-11-18 00:16:52,138 484  [http-nio-8080-exec-4] INFO  src.lists.Entry  - Entry: Created 'Entry' instance
2015-11-18 00:16:52,138 484  [http-nio-8080-exec-4] INFO  src.lists.Entry  - Entry: Created 'Entry' instance
2015-11-18 00:16:52,138 484  [http-nio-8080-exec-4] INFO  src.lists.Entry  - Entry: Created 'Entry' instance
2015-11-18 00:16:52,138 484  [http-nio-8080-exec-4] INFO  src.lists.Entry  - Entry: Created 'Entry' instance
2015-11-18 00:16:52,139 485  [http-nio-8080-exec-4] INFO  src.lists.Entry  - Entry: Created 'Entry' instance
2015-11-18 00:16:52,139 485  [http-nio-8080-exec-4] INFO  src.lists.Entry  - Entry: Created 'Entry' instance
2015-11-18 00:16:52,139 485  [http-nio-8080-exec-4] INFO  src.lists.Entry  - Entry: Created 'Entry' instance
2015-11-18 00:16:52,139 485  [http-nio-8080-exec-4] INFO  src.lists.Lists  - Lists: lists.sortListsByAlphabetical: resultSet.next() completed successfully
2015-11-18 00:16:52,141 487  [http-nio-8080-exec-4] INFO  src.lists.Lists  - Lists: lists.sortListsByAlphabetical: connection.close() completed successfully
2015-11-18 00:16:52,142 488  [http-nio-8080-exec-4] INFO  src.servlets.DisplayLists  - DisplayLists: sortByer.getSortedResults() was set as 'entries' attribute
2015-11-18 00:16:52,466 812  [http-nio-8080-exec-4] INFO  src.servlets.DisplayLists  - DisplayLists: dispatcher.forward() to url '/lists.jsp' completed successfully
2015-11-18 00:36:41,013 0    [http-nio-8080-exec-4] INFO  src.lists.SortByer  - SortByer: Created 'SortByer' instance
2015-11-18 00:36:41,017 4    [http-nio-8080-exec-4] INFO  src.lists.Lists  - Lists: Created 'Lists' instance
2015-11-18 00:36:41,018 5    [http-nio-8080-exec-4] INFO  src.servlets.DisplayLists  - DisplayLists: sortParam was set to: alphabetical
2015-11-18 00:36:41,379 366  [http-nio-8080-exec-4] INFO  src.lists.Lists  - Lists: lists.sortListsByAlphabetical: Sorted By: alphabetical
2015-11-18 00:36:41,386 373  [http-nio-8080-exec-4] INFO  src.lists.Lists  - Lists: lists.sortListsByAlphabetical: statement.executeQuery(IDQueryString) completed successfully
2015-11-18 00:36:41,391 378  [http-nio-8080-exec-4] INFO  src.lists.Entry  - Entry: Created 'Entry' instance
2015-11-18 00:36:41,397 384  [http-nio-8080-exec-4] INFO  src.lists.Entry  - Entry: Created 'Entry' instance
2015-11-18 00:36:41,397 384  [http-nio-8080-exec-4] INFO  src.lists.Entry  - Entry: Created 'Entry' instance
2015-11-18 00:36:41,397 384  [http-nio-8080-exec-4] INFO  src.lists.Entry  - Entry: Created 'Entry' instance
2015-11-18 00:36:41,398 385  [http-nio-8080-exec-4] INFO  src.lists.Entry  - Entry: Created 'Entry' instance
2015-11-18 00:36:41,398 385  [http-nio-8080-exec-4] INFO  src.lists.Entry  - Entry: Created 'Entry' instance
2015-11-18 00:36:41,398 385  [http-nio-8080-exec-4] INFO  src.lists.Entry  - Entry: Created 'Entry' instance
2015-11-18 00:36:41,399 386  [http-nio-8080-exec-4] INFO  src.lists.Entry  - Entry: Created 'Entry' instance
2015-11-18 00:36:41,399 386  [http-nio-8080-exec-4] INFO  src.lists.Entry  - Entry: Created 'Entry' instance
2015-11-18 00:36:41,400 387  [http-nio-8080-exec-4] INFO  src.lists.Lists  - Lists: lists.sortListsByAlphabetical: resultSet.next() completed successfully
2015-11-18 00:36:41,404 391  [http-nio-8080-exec-4] INFO  src.lists.Lists  - Lists: lists.sortListsByAlphabetical: connection.close() completed successfully
2015-11-18 00:36:41,404 391  [http-nio-8080-exec-4] INFO  src.servlets.DisplayLists  - DisplayLists: sortByer.getSortedResults() was set as 'entries' attribute
2015-11-18 00:36:42,150 1137 [http-nio-8080-exec-4] INFO  src.servlets.DisplayLists  - DisplayLists: dispatcher.forward() to url '/lists.jsp' completed successfully
