2015-11-18 00:47:23,715 1    [http-nio-8080-exec-5] INFO  src.lists.SortByer  - SortByer: Created 'SortByer' instance
2015-11-18 00:47:23,718 4    [http-nio-8080-exec-5] INFO  src.lists.Lists  - Lists: Created 'Lists' instance
2015-11-18 00:47:23,719 5    [http-nio-8080-exec-5] INFO  src.servlets.DisplayLists  - DisplayLists: sortParam was set to: alphabetical
2015-11-18 00:47:24,021 307  [http-nio-8080-exec-5] INFO  src.lists.Lists  - Lists: lists.sortListsByAlphabetical: Sorted By: alphabetical
2015-11-18 00:47:24,025 311  [http-nio-8080-exec-5] INFO  src.lists.Lists  - Lists: lists.sortListsByAlphabetical: statement.executeQuery(IDQueryString) completed successfully
2015-11-18 00:47:24,026 312  [http-nio-8080-exec-5] INFO  src.lists.Entry  - Entry: Created 'Entry' instance
2015-11-18 00:47:24,026 312  [http-nio-8080-exec-5] INFO  src.lists.Entry  - Entry: Created 'Entry' instance
2015-11-18 00:47:24,027 313  [http-nio-8080-exec-5] INFO  src.lists.Entry  - Entry: Created 'Entry' instance
2015-11-18 00:47:24,027 313  [http-nio-8080-exec-5] INFO  src.lists.Entry  - Entry: Created 'Entry' instance
2015-11-18 00:47:24,027 313  [http-nio-8080-exec-5] INFO  src.lists.Entry  - Entry: Created 'Entry' instance
2015-11-18 00:47:24,027 313  [http-nio-8080-exec-5] INFO  src.lists.Entry  - Entry: Created 'Entry' instance
2015-11-18 00:47:24,027 313  [http-nio-8080-exec-5] INFO  src.lists.Entry  - Entry: Created 'Entry' instance
2015-11-18 00:47:24,028 314  [http-nio-8080-exec-5] INFO  src.lists.Entry  - Entry: Created 'Entry' instance
2015-11-18 00:47:24,028 314  [http-nio-8080-exec-5] INFO  src.lists.Entry  - Entry: Created 'Entry' instance
2015-11-18 00:47:24,028 314  [http-nio-8080-exec-5] INFO  src.lists.Lists  - Lists: lists.sortListsByAlphabetical: resultSet.next() completed successfully
2015-11-18 00:47:24,031 317  [http-nio-8080-exec-5] INFO  src.lists.Lists  - Lists: lists.sortListsByAlphabetical: connection.close() completed successfully
2015-11-18 00:47:24,031 317  [http-nio-8080-exec-5] INFO  src.servlets.DisplayLists  - DisplayLists: sortByer.getSortedResults() was set as 'entries' attribute
2015-11-18 00:47:24,366 652  [http-nio-8080-exec-5] INFO  src.servlets.DisplayLists  - DisplayLists: dispatcher.forward() to url '/lists.jsp' completed successfully
2015-11-18 00:47:26,935 3221 [http-nio-8080-exec-7] INFO  src.lists.SortByer  - SortByer: Created 'SortByer' instance
2015-11-18 00:47:26,937 3223 [http-nio-8080-exec-7] INFO  src.lists.Lists  - Lists: Created 'Lists' instance
2015-11-18 00:47:26,937 3223 [http-nio-8080-exec-7] INFO  src.servlets.DisplayLists  - DisplayLists: sortParam was set to: alphabetical
2015-11-18 00:47:26,945 3231 [http-nio-8080-exec-7] INFO  src.lists.Lists  - Lists: lists.sortListsByAlphabetical: Sorted By: alphabetical
2015-11-18 00:47:26,946 3232 [http-nio-8080-exec-7] INFO  src.lists.Lists  - Lists: lists.sortListsByAlphabetical: statement.executeQuery(IDQueryString) completed successfully
2015-11-18 00:47:26,946 3232 [http-nio-8080-exec-7] INFO  src.lists.Entry  - Entry: Created 'Entry' instance
2015-11-18 00:47:26,946 3232 [http-nio-8080-exec-7] INFO  src.lists.Entry  - Entry: Created 'Entry' instance
2015-11-18 00:47:26,947 3233 [http-nio-8080-exec-7] INFO  src.lists.Entry  - Entry: Created 'Entry' instance
2015-11-18 00:47:26,947 3233 [http-nio-8080-exec-7] INFO  src.lists.Entry  - Entry: Created 'Entry' instance
2015-11-18 00:47:26,947 3233 [http-nio-8080-exec-7] INFO  src.lists.Entry  - Entry: Created 'Entry' instance
2015-11-18 00:47:26,947 3233 [http-nio-8080-exec-7] INFO  src.lists.Entry  - Entry: Created 'Entry' instance
2015-11-18 00:47:26,947 3233 [http-nio-8080-exec-7] INFO  src.lists.Entry  - Entry: Created 'Entry' instance
2015-11-18 00:47:26,947 3233 [http-nio-8080-exec-7] INFO  src.lists.Entry  - Entry: Created 'Entry' instance
2015-11-18 00:47:26,948 3234 [http-nio-8080-exec-7] INFO  src.lists.Entry  - Entry: Created 'Entry' instance
2015-11-18 00:47:26,948 3234 [http-nio-8080-exec-7] INFO  src.lists.Lists  - Lists: lists.sortListsByAlphabetical: resultSet.next() completed successfully
2015-11-18 00:47:26,948 3234 [http-nio-8080-exec-7] INFO  src.lists.Lists  - Lists: lists.sortListsByAlphabetical: connection.close() completed successfully
2015-11-18 00:47:26,948 3234 [http-nio-8080-exec-7] INFO  src.servlets.DisplayLists  - DisplayLists: sortByer.getSortedResults() was set as 'entries' attribute
2015-11-18 00:47:26,955 3241 [http-nio-8080-exec-7] INFO  src.servlets.DisplayLists  - DisplayLists: dispatcher.forward() to url '/lists.jsp' completed successfully
